<?xml version="1.0" encoding="UTF-8"?>
<!-- Generated by org.testng.reporters.JUnitReportReporter -->
<testsuite skipped="0" hostname="GST-BALA" name="script.test1" tests="1" failures="0" timestamp="24 Oct 2018 10:56:03 GMT" time="24.753" errors="0">
  <testcase name="testlogin_out" time="24.753" classname="script.test1"/>
</testsuite> <!-- script.test1 -->
